<?xml version="1.0" encoding="UTF-8"?>
<testsuite xmlns:xsi="http://www.w3.org/2001/XMLSchema-instance" xsi:noNamespaceSchemaLocation="https://maven.apache.org/surefire/maven-surefire-plugin/xsd/surefire-test-report.xsd" name="by.epam.bigdatalab.StringUtilsTest" time="0.027" tests="3" errors="0" skipped="0" failures="0">
  <properties>
[...]
</properties>
  <testcase name="NotNumber" classname="by.epam.bigdatalab.StringUtilsTest" time="0.003"/>
  <testcase name="NegativeNumber" classname="by.epam.bigdatalab.StringUtilsTest" time="0"/>
  <testcase name="PositiveNumber" classname="by.epam.bigdatalab.StringUtilsTest" time="0"/>
</testsuite>